<?xml version="1.0" encoding="UTF-8"?>
<!-- Generated by org.testng.reporters.JUnitXMLReporter -->
<testsuite ignored="0" hostname="Sohaib-PF41834F" failures="0" tests="3" name="Default test" time="86.366" errors="0" timestamp="2024-03-18T12:17:47 PKT">
  <testcase classname="tests.MyAccountTest" name="changePassword" time="21.829"/>
  <testcase classname="tests.MyAccountTest" name="editFirstName" time="22.605"/>
  <testcase classname="tests.MyAccountTest" name="editLastName" time="22.313"/>
</testsuite> <!-- Default test -->
