<?xml version="1.0" encoding="UTF-8"?>
<testng-results ignored="0" total="3" passed="3" failed="0" skipped="0">
  <reporter-output>
  </reporter-output>
  <suite started-at="2024-03-18T12:16:20 PKT" name="Default suite" finished-at="2024-03-18T12:17:47 PKT" duration-ms="86366">
    <groups>
    </groups>
    <test started-at="2024-03-18T12:16:20 PKT" name="Default test" finished-at="2024-03-18T12:17:47 PKT" duration-ms="86366">
      <class name="tests.MyAccountTest">
        <test-method is-config="true" signature="Beforemethod()[pri:0, instance:tests.MyAccountTest@7c7b252e]" started-at="2024-03-18T12:16:20 PKT" name="Beforemethod" finished-at="2024-03-18T12:16:26 PKT" duration-ms="6172" status="PASS">
          <reporter-output>
          </reporter-output>
        </test-method> <!-- Beforemethod -->
        <test-method signature="changePassword()[pri:0, instance:tests.MyAccountTest@7c7b252e]" started-at="2024-03-18T12:16:26 PKT" name="changePassword" finished-at="2024-03-18T12:16:48 PKT" duration-ms="21829" status="PASS">
          <reporter-output>
          </reporter-output>
        </test-method> <!-- changePassword -->
        <test-method is-config="true" signature="Aftermethod()[pri:0, instance:tests.MyAccountTest@7c7b252e]" started-at="2024-03-18T12:16:48 PKT" name="Aftermethod" finished-at="2024-03-18T12:16:49 PKT" duration-ms="464" status="PASS">
          <reporter-output>
          </reporter-output>
        </test-method> <!-- Aftermethod -->
        <test-method is-config="true" signature="Beforemethod()[pri:0, instance:tests.MyAccountTest@7c7b252e]" started-at="2024-03-18T12:16:49 PKT" name="Beforemethod" finished-at="2024-03-18T12:16:55 PKT" duration-ms="5981" status="PASS">
          <reporter-output>
          </reporter-output>
        </test-method> <!-- Beforemethod -->
        <test-method signature="editFirstName()[pri:0, instance:tests.MyAccountTest@7c7b252e]" started-at="2024-03-18T12:16:55 PKT" name="editFirstName" finished-at="2024-03-18T12:17:17 PKT" duration-ms="22605" status="PASS">
          <reporter-output>
          </reporter-output>
        </test-method> <!-- editFirstName -->
        <test-method is-config="true" signature="Aftermethod()[pri:0, instance:tests.MyAccountTest@7c7b252e]" started-at="2024-03-18T12:17:17 PKT" name="Aftermethod" finished-at="2024-03-18T12:17:18 PKT" duration-ms="560" status="PASS">
          <reporter-output>
          </reporter-output>
        </test-method> <!-- Aftermethod -->
        <test-method is-config="true" signature="Beforemethod()[pri:0, instance:tests.MyAccountTest@7c7b252e]" started-at="2024-03-18T12:17:18 PKT" name="Beforemethod" finished-at="2024-03-18T12:17:24 PKT" duration-ms="5826" status="PASS">
          <reporter-output>
          </reporter-output>
        </test-method> <!-- Beforemethod -->
        <test-method signature="editLastName()[pri:0, instance:tests.MyAccountTest@7c7b252e]" started-at="2024-03-18T12:17:24 PKT" name="editLastName" finished-at="2024-03-18T12:17:46 PKT" duration-ms="22313" status="PASS">
          <reporter-output>
          </reporter-output>
        </test-method> <!-- editLastName -->
        <test-method is-config="true" signature="Aftermethod()[pri:0, instance:tests.MyAccountTest@7c7b252e]" started-at="2024-03-18T12:17:46 PKT" name="Aftermethod" finished-at="2024-03-18T12:17:47 PKT" duration-ms="580" status="PASS">
          <reporter-output>
          </reporter-output>
        </test-method> <!-- Aftermethod -->
      </class> <!-- tests.MyAccountTest -->
    </test> <!-- Default test -->
  </suite> <!-- Default suite -->
</testng-results>
